[0m10:58:05.257597 [debug] [MainThread]: Sending event: {'category': 'dbt', 'action': 'invocation', 'label': 'start', 'context': [<snowplow_tracker.self_describing_json.SelfDescribingJson object at 0x10df0fc20>, <snowplow_tracker.self_describing_json.SelfDescribingJson object at 0x10e1f0bc0>, <snowplow_tracker.self_describing_json.SelfDescribingJson object at 0x10e1f2270>]}


============================== 10:58:05.294753 | 013b6fc5-01b6-4c2d-9c78-0ba9d1054e9e ==============================
[0m10:58:05.294753 [info ] [MainThread]: Running with dbt=1.11.11
[0m10:58:05.295224 [debug] [MainThread]: running dbt with arguments {'use_experimental_parser': 'False', 'warn_error_options': 'WarnErrorOptionsV2(error=[], warn=[], silence=[])', 'cache_selected_only': 'False', 'introspect': 'True', 'warn_error': 'None', 'static_parser': 'True', 'indirect_selection': 'eager', 'version_check': 'True', 'write_json': 'True', 'partial_parse': 'True', 'empty': 'None', 'fail_fast': 'False', 'profiles_dir': '/Users/christophethibault/.dbt', 'use_colors': 'True', 'debug': 'False', 'quiet': 'False', 'log_cache_events': 'False', 'invocation_command': 'dbt init dbt_ecommerce', 'target_path': 'None', 'log_format': 'default', 'send_anonymous_usage_stats': 'True', 'no_print': 'None', 'log_path': 'logs', 'printer_width': '80'}
[0m10:58:05.348570 [info ] [MainThread]: Creating dbt configuration folder at /Users/christophethibault/.dbt
[0m10:58:05.350248 [debug] [MainThread]: Starter project path: /Users/christophethibault/Projets/DBTNew/dbt_enhanced/.venv/lib/python3.12/site-packages/dbt/include/starter_project
[0m10:58:05.357079 [info ] [MainThread]: 
Your new dbt project "dbt_ecommerce" was created!

For more information on how to configure the profiles.yml file,
please consult the dbt documentation here:

  https://docs.getdbt.com/docs/configure-your-profile

One more thing:

Need help? Don't hesitate to reach out to us via GitHub issues or on Slack:

  https://community.getdbt.com/

Happy modeling!

[0m10:58:05.357376 [info ] [MainThread]: Setting up your profile.
[0m11:05:10.671943 [error] [MainThread]: Encountered an error:

[0m11:05:10.684144 [error] [MainThread]: Traceback (most recent call last):
  File "/Users/christophethibault/Projets/DBTNew/dbt_enhanced/.venv/lib/python3.12/site-packages/dbt/cli/requires.py", line 182, in wrapper
    result, success = func(*args, **kwargs)
                      ^^^^^^^^^^^^^^^^^^^^^
  File "/Users/christophethibault/Projets/DBTNew/dbt_enhanced/.venv/lib/python3.12/site-packages/dbt/cli/requires.py", line 128, in wrapper
    return func(*args, **kwargs)
           ^^^^^^^^^^^^^^^^^^^^^
  File "/Users/christophethibault/Projets/DBTNew/dbt_enhanced/.venv/lib/python3.12/site-packages/dbt/cli/main.py", line 488, in init
    results = task.run()
              ^^^^^^^^^^
  File "/Users/christophethibault/Projets/DBTNew/dbt_enhanced/.venv/lib/python3.12/site-packages/dbt/task/init.py", line 346, in run
    self.setup_profile(profile_name)
  File "/Users/christophethibault/Projets/DBTNew/dbt_enhanced/.venv/lib/python3.12/site-packages/dbt/task/init.py", line 261, in setup_profile
    adapter = self.ask_for_adapter_choice()
              ^^^^^^^^^^^^^^^^^^^^^^^^^^^^^
  File "/Users/christophethibault/Projets/DBTNew/dbt_enhanced/.venv/lib/python3.12/site-packages/dbt/task/init.py", line 242, in ask_for_adapter_choice
    numeric_choice = click.prompt(prompt_msg, type=click.INT)
                     ^^^^^^^^^^^^^^^^^^^^^^^^^^^^^^^^^^^^^^^^
  File "/Users/christophethibault/Projets/DBTNew/dbt_enhanced/.venv/lib/python3.12/site-packages/click/termui.py", line 218, in prompt
    value = prompt_func(prompt)
            ^^^^^^^^^^^^^^^^^^^
  File "/Users/christophethibault/Projets/DBTNew/dbt_enhanced/.venv/lib/python3.12/site-packages/click/termui.py", line 201, in prompt_func
    raise Abort() from None
click.exceptions.Abort

[0m11:05:10.686414 [debug] [MainThread]: Resource report: {"command_name": "init", "command_success": false, "command_wall_clock_time": 425.49487, "process_in_blocks": "0", "process_kernel_time": 0.62425, "process_mem_max_rss": "141492224", "process_out_blocks": "0", "process_user_time": 3.023912}
[0m11:05:10.687662 [debug] [MainThread]: Command `dbt init` failed at 11:05:10.687459 after 425.50 seconds
[0m11:05:10.688929 [debug] [MainThread]: Sending event: {'category': 'dbt', 'action': 'invocation', 'label': 'end', 'context': [<snowplow_tracker.self_describing_json.SelfDescribingJson object at 0x10d390c80>, <snowplow_tracker.self_describing_json.SelfDescribingJson object at 0x10df00770>, <snowplow_tracker.self_describing_json.SelfDescribingJson object at 0x10defa870>]}
[0m11:05:10.689640 [debug] [MainThread]: Flushing usage events
[0m11:05:11.195371 [debug] [MainThread]: An error was encountered while trying to flush usage events
[0m11:05:49.047762 [debug] [MainThread]: Sending event: {'category': 'dbt', 'action': 'invocation', 'label': 'start', 'context': [<snowplow_tracker.self_describing_json.SelfDescribingJson object at 0x108ef7380>, <snowplow_tracker.self_describing_json.SelfDescribingJson object at 0x108563980>, <snowplow_tracker.self_describing_json.SelfDescribingJson object at 0x107eacd40>]}


============================== 11:05:49.079146 | 2e4d0b2a-78ff-4996-b6f8-98e91d8afddf ==============================
[0m11:05:49.079146 [info ] [MainThread]: Running with dbt=1.11.11
[0m11:05:49.079635 [debug] [MainThread]: running dbt with arguments {'warn_error': 'None', 'version_check': 'True', 'introspect': 'True', 'indirect_selection': 'eager', 'no_print': 'None', 'send_anonymous_usage_stats': 'True', 'partial_parse': 'True', 'cache_selected_only': 'False', 'use_colors': 'True', 'debug': 'False', 'static_parser': 'True', 'target_path': 'None', 'printer_width': '80', 'warn_error_options': 'WarnErrorOptionsV2(error=[], warn=[], silence=[])', 'log_path': 'logs', 'write_json': 'True', 'log_format': 'default', 'profiles_dir': '/Users/christophethibault/.dbt', 'quiet': 'False', 'empty': 'None', 'invocation_command': 'dbt init dbt_ecommerce', 'fail_fast': 'False', 'log_cache_events': 'False', 'use_experimental_parser': 'False'}
[0m11:05:49.131261 [info ] [MainThread]: A project called dbt_ecommerce already exists here.
[0m11:05:49.131806 [debug] [MainThread]: Resource report: {"command_name": "init", "command_success": true, "command_wall_clock_time": 0.15071763, "process_in_blocks": "0", "process_kernel_time": 0.540517, "process_mem_max_rss": "137969664", "process_out_blocks": "0", "process_user_time": 2.410832}
[0m11:05:49.132372 [debug] [MainThread]: Command `dbt init` succeeded at 11:05:49.132290 after 0.15 seconds
[0m11:05:49.132654 [debug] [MainThread]: Sending event: {'category': 'dbt', 'action': 'invocation', 'label': 'end', 'context': [<snowplow_tracker.self_describing_json.SelfDescribingJson object at 0x107eacd40>, <snowplow_tracker.self_describing_json.SelfDescribingJson object at 0x10924cc80>, <snowplow_tracker.self_describing_json.SelfDescribingJson object at 0x1096feed0>]}
[0m11:05:49.132940 [debug] [MainThread]: Flushing usage events
[0m11:05:49.554662 [debug] [MainThread]: An error was encountered while trying to flush usage events
[0m11:07:58.667010 [debug] [MainThread]: Sending event: {'category': 'dbt', 'action': 'invocation', 'label': 'start', 'context': [<snowplow_tracker.self_describing_json.SelfDescribingJson object at 0x10cf923c0>, <snowplow_tracker.self_describing_json.SelfDescribingJson object at 0x10d83bb90>, <snowplow_tracker.self_describing_json.SelfDescribingJson object at 0x10d868110>]}


============================== 11:07:58.671090 | fd1f4b2b-bbe7-44ac-9977-78279c9d2776 ==============================
[0m11:07:58.671090 [info ] [MainThread]: Running with dbt=1.11.11
[0m11:07:58.671581 [debug] [MainThread]: running dbt with arguments {'partial_parse': 'True', 'cache_selected_only': 'False', 'log_format': 'default', 'log_path': 'logs', 'warn_error_options': 'WarnErrorOptionsV2(error=[], warn=[], silence=[])', 'fail_fast': 'False', 'log_cache_events': 'False', 'send_anonymous_usage_stats': 'True', 'write_json': 'True', 'debug': 'False', 'indirect_selection': 'eager', 'profiles_dir': '/Users/christophethibault/.dbt', 'empty': 'None', 'introspect': 'True', 'quiet': 'False', 'printer_width': '80', 'target_path': 'None', 'use_colors': 'True', 'version_check': 'True', 'use_experimental_parser': 'False', 'no_print': 'None', 'static_parser': 'True', 'warn_error': 'None', 'invocation_command': 'dbt init dbt_ecommerce'}
[0m11:07:58.686121 [debug] [MainThread]: Starter project path: /Users/christophethibault/Projets/DBTNew/dbt_enhanced/.venv/lib/python3.12/site-packages/dbt/include/starter_project
[0m11:07:58.693345 [info ] [MainThread]: 
Your new dbt project "dbt_ecommerce" was created!

For more information on how to configure the profiles.yml file,
please consult the dbt documentation here:

  https://docs.getdbt.com/docs/configure-your-profile

One more thing:

Need help? Don't hesitate to reach out to us via GitHub issues or on Slack:

  https://community.getdbt.com/

Happy modeling!

[0m11:07:58.693653 [info ] [MainThread]: Setting up your profile.
[0m11:08:09.946309 [info ] [MainThread]: Profile dbt_ecommerce written to /Users/christophethibault/.dbt/profiles.yml using target's sample configuration. Once updated, you'll be able to start developing with dbt.
[0m11:08:09.946944 [debug] [MainThread]: Resource report: {"command_name": "init", "command_success": true, "command_wall_clock_time": 11.343564, "process_in_blocks": "0", "process_kernel_time": 0.254624, "process_mem_max_rss": "130580480", "process_out_blocks": "0", "process_user_time": 1.102398}
[0m11:08:09.947359 [debug] [MainThread]: Command `dbt init` succeeded at 11:08:09.947271 after 11.34 seconds
[0m11:08:09.947637 [debug] [MainThread]: Sending event: {'category': 'dbt', 'action': 'invocation', 'label': 'end', 'context': [<snowplow_tracker.self_describing_json.SelfDescribingJson object at 0x10d676930>, <snowplow_tracker.self_describing_json.SelfDescribingJson object at 0x10d49cec0>, <snowplow_tracker.self_describing_json.SelfDescribingJson object at 0x10d91fc50>]}
[0m11:08:09.947918 [debug] [MainThread]: Flushing usage events
[0m11:08:10.431341 [debug] [MainThread]: An error was encountered while trying to flush usage events
[0m11:12:33.098438 [debug] [MainThread]: Sending event: {'category': 'dbt', 'action': 'invocation', 'label': 'start', 'context': [<snowplow_tracker.self_describing_json.SelfDescribingJson object at 0x103bcb650>, <snowplow_tracker.self_describing_json.SelfDescribingJson object at 0x10b8aff80>, <snowplow_tracker.self_describing_json.SelfDescribingJson object at 0x10b8d00b0>]}


============================== 11:12:33.102429 | 31aee827-8825-4c30-9e1a-73dfcd694e3e ==============================
[0m11:12:33.102429 [info ] [MainThread]: Running with dbt=1.11.11
[0m11:12:33.102943 [debug] [MainThread]: running dbt with arguments {'no_print': 'None', 'warn_error': 'None', 'indirect_selection': 'eager', 'log_path': 'logs', 'introspect': 'True', 'static_parser': 'True', 'profiles_dir': '/Users/christophethibault/.dbt', 'send_anonymous_usage_stats': 'True', 'fail_fast': 'False', 'log_format': 'default', 'debug': 'False', 'partial_parse': 'True', 'empty': 'None', 'quiet': 'False', 'target_path': 'None', 'log_cache_events': 'False', 'write_json': 'True', 'version_check': 'True', 'cache_selected_only': 'False', 'warn_error_options': 'WarnErrorOptionsV2(error=[], warn=[], silence=[])', 'use_experimental_parser': 'False', 'invocation_command': 'dbt debug', 'printer_width': '80', 'use_colors': 'True'}
[0m11:12:33.120004 [info ] [MainThread]: dbt version: 1.11.11
[0m11:12:33.120310 [info ] [MainThread]: python version: 3.12.12
[0m11:12:33.120520 [info ] [MainThread]: python path: /Users/christophethibault/Projets/DBTNew/dbt_enhanced/.venv/bin/python3
[0m11:12:33.120718 [info ] [MainThread]: os info: macOS-26.5.1-arm64-arm-64bit
[0m11:12:33.310306 [info ] [MainThread]: Using profiles dir at /Users/christophethibault/.dbt
[0m11:12:33.310708 [info ] [MainThread]: Using profiles.yml file at /Users/christophethibault/.dbt/profiles.yml
[0m11:12:33.310932 [info ] [MainThread]: Using dbt_project.yml file at /Users/christophethibault/Projets/DBTNew/dbt_enhanced/dbt_project.yml
[0m11:12:33.312956 [info ] [MainThread]: adapter type: duckdb
[0m11:12:33.313182 [info ] [MainThread]: adapter version: 1.10.1
[0m11:12:33.313386 [info ] [MainThread]: Configuration:
[0m11:12:33.313560 [info ] [MainThread]:   profiles.yml file [[32mOK found and valid[0m]
[0m11:12:33.313735 [info ] [MainThread]:   dbt_project.yml file [[31mERROR not found[0m]
[0m11:12:33.313908 [info ] [MainThread]: Required dependencies:
[0m11:12:33.314140 [debug] [MainThread]: Executing "git --help"
[0m11:12:33.343602 [debug] [MainThread]: STDOUT: "b"usage: git [-v | --version] [-h | --help] [-C <path>] [-c <name>=<value>]\n           [--exec-path[=<path>]] [--html-path] [--man-path] [--info-path]\n           [-p | --paginate | -P | --no-pager] [--no-replace-objects] [--no-lazy-fetch]\n           [--no-optional-locks] [--no-advice] [--bare] [--git-dir=<path>]\n           [--work-tree=<path>] [--namespace=<name>] [--config-env=<name>=<envvar>]\n           <command> [<args>]\n\nThese are common Git commands used in various situations:\n\nstart a working area (see also: git help tutorial)\n   clone      Clone a repository into a new directory\n   init       Create an empty Git repository or reinitialize an existing one\n\nwork on the current change (see also: git help everyday)\n   add        Add file contents to the index\n   mv         Move or rename a file, a directory, or a symlink\n   restore    Restore working tree files\n   rm         Remove files from the working tree and from the index\n\nexamine the history and state (see also: git help revisions)\n   bisect     Use binary search to find the commit that introduced a bug\n   diff       Show changes between commits, commit and working tree, etc\n   grep       Print lines matching a pattern\n   log        Show commit logs\n   show       Show various types of objects\n   status     Show the working tree status\n\ngrow, mark and tweak your common history\n   backfill   Download missing objects in a partial clone\n   branch     List, create, or delete branches\n   commit     Record changes to the repository\n   merge      Join two or more development histories together\n   rebase     Reapply commits on top of another base tip\n   reset      Reset current HEAD to the specified state\n   switch     Switch branches\n   tag        Create, list, delete or verify a tag object signed with GPG\n\ncollaborate (see also: git help workflows)\n   fetch      Download objects and refs from another repository\n   pull       Fetch from and integrate with another repository or a local branch\n   push       Update remote refs along with associated objects\n\n'git help -a' and 'git help -g' list available subcommands and some\nconcept guides. See 'git help <command>' or 'git help <concept>'\nto read about a specific subcommand or concept.\nSee 'git help git' for an overview of the system.\n""
[0m11:12:33.344344 [debug] [MainThread]: STDERR: "b''"
[0m11:12:33.344637 [info ] [MainThread]:  - git [[32mOK found[0m]

[0m11:12:33.344873 [info ] [MainThread]: Connection:
[0m11:12:33.345124 [info ] [MainThread]:   database: dev
[0m11:12:33.345308 [info ] [MainThread]:   schema: main
[0m11:12:33.345474 [info ] [MainThread]:   path: dev.duckdb
[0m11:12:33.345641 [info ] [MainThread]:   config_options: None
[0m11:12:33.345811 [info ] [MainThread]:   extensions: None
[0m11:12:33.345979 [info ] [MainThread]:   settings: {}
[0m11:12:33.346153 [info ] [MainThread]:   external_root: .
[0m11:12:33.346313 [info ] [MainThread]:   use_credential_provider: None
[0m11:12:33.346474 [info ] [MainThread]:   attach: None
[0m11:12:33.346637 [info ] [MainThread]:   filesystems: None
[0m11:12:33.346797 [info ] [MainThread]:   remote: None
[0m11:12:33.346961 [info ] [MainThread]:   plugins: None
[0m11:12:33.347125 [info ] [MainThread]:   disable_transactions: False
[0m11:12:33.347566 [info ] [MainThread]: Registered adapter: duckdb=1.10.1
[0m11:12:33.435841 [debug] [MainThread]: Acquiring new duckdb connection 'debug'
[0m11:12:33.515038 [debug] [MainThread]: Using duckdb connection "debug"
[0m11:12:33.515345 [debug] [MainThread]: On debug: select 1 as id
[0m11:12:33.515561 [debug] [MainThread]: Opening a new connection, currently in state init
[0m11:12:33.534847 [debug] [MainThread]: SQL status: OK in 0.019 seconds
[0m11:12:33.535576 [debug] [MainThread]: On debug: Close
[0m11:12:33.535877 [info ] [MainThread]:   Connection test: [[32mOK connection ok[0m]

[0m11:12:33.536115 [info ] [MainThread]: [31m1 check failed:[0m
[0m11:12:33.536303 [info ] [MainThread]: Project loading failed for the following reason:
 project path </Users/christophethibault/Projets/DBTNew/dbt_enhanced/dbt_project.yml> not found

[0m11:12:33.536730 [debug] [MainThread]: Resource report: {"command_name": "debug", "command_success": false, "command_wall_clock_time": 0.5008791, "process_in_blocks": "0", "process_kernel_time": 0.299442, "process_mem_max_rss": "143081472", "process_out_blocks": "0", "process_user_time": 1.174063}
[0m11:12:33.537081 [debug] [MainThread]: Command `dbt debug` failed at 11:12:33.537000 after 0.50 seconds
[0m11:12:33.537318 [debug] [MainThread]: Connection 'debug' was properly closed.
[0m11:12:33.537564 [debug] [MainThread]: Sending event: {'category': 'dbt', 'action': 'invocation', 'label': 'end', 'context': [<snowplow_tracker.self_describing_json.SelfDescribingJson object at 0x10b8d02c0>, <snowplow_tracker.self_describing_json.SelfDescribingJson object at 0x10b3a1370>, <snowplow_tracker.self_describing_json.SelfDescribingJson object at 0x10a0baea0>]}
[0m11:12:33.537865 [debug] [MainThread]: Flushing usage events
[0m11:12:34.007997 [debug] [MainThread]: An error was encountered while trying to flush usage events
[0m15:00:53.489380 [debug] [MainThread]: Sending event: {'category': 'dbt', 'action': 'invocation', 'label': 'start', 'context': [<snowplow_tracker.self_describing_json.SelfDescribingJson object at 0x10be0fb60>, <snowplow_tracker.self_describing_json.SelfDescribingJson object at 0x10c017fe0>, <snowplow_tracker.self_describing_json.SelfDescribingJson object at 0x10c017ce0>]}


============================== 15:00:53.493669 | ea6957c7-7fea-4f7c-949e-cd8ca8f674bd ==============================
[0m15:00:53.493669 [info ] [MainThread]: Running with dbt=1.11.11
[0m15:00:53.494133 [debug] [MainThread]: running dbt with arguments {'invocation_command': 'dbt docs generate', 'version_check': 'True', 'log_path': 'logs', 'partial_parse': 'True', 'warn_error': 'None', 'log_format': 'default', 'use_experimental_parser': 'False', 'fail_fast': 'False', 'empty': 'None', 'no_print': 'None', 'cache_selected_only': 'False', 'warn_error_options': 'WarnErrorOptionsV2(error=[], warn=[], silence=[])', 'log_cache_events': 'False', 'introspect': 'True', 'profiles_dir': '/Users/christophethibault/.dbt', 'debug': 'False', 'write_json': 'True', 'static_parser': 'True', 'send_anonymous_usage_stats': 'True', 'use_colors': 'True', 'printer_width': '80', 'indirect_selection': 'eager', 'target_path': 'None', 'quiet': 'False'}
[0m15:00:53.494601 [error] [MainThread]: Encountered an error:
Runtime Error
  No dbt_project.yml found at expected path /Users/christophethibault/Projets/DBTNew/dbt_enhanced/dbt_project.yml
  Verify that each entry within packages.yml (and their transitive dependencies) contains a file named dbt_project.yml
  
[0m15:00:53.495040 [debug] [MainThread]: Resource report: {"command_name": "generate", "command_success": false, "command_wall_clock_time": 0.07529838, "process_in_blocks": "0", "process_kernel_time": 0.205559, "process_mem_max_rss": "111362048", "process_out_blocks": "0", "process_user_time": 1.005182}
[0m15:00:53.495463 [debug] [MainThread]: Command `dbt docs generate` failed at 15:00:53.495391 after 0.08 seconds
[0m15:00:53.495720 [debug] [MainThread]: Sending event: {'category': 'dbt', 'action': 'invocation', 'label': 'end', 'context': [<snowplow_tracker.self_describing_json.SelfDescribingJson object at 0x10c017dd0>, <snowplow_tracker.self_describing_json.SelfDescribingJson object at 0x10c017f20>, <snowplow_tracker.self_describing_json.SelfDescribingJson object at 0x10c017bf0>]}
[0m15:00:53.495971 [debug] [MainThread]: Flushing usage events
[0m15:00:53.988076 [debug] [MainThread]: An error was encountered while trying to flush usage events
[0m15:00:55.397661 [debug] [MainThread]: Sending event: {'category': 'dbt', 'action': 'invocation', 'label': 'start', 'context': [<snowplow_tracker.self_describing_json.SelfDescribingJson object at 0x10da2e030>, <snowplow_tracker.self_describing_json.SelfDescribingJson object at 0x10e0dc710>, <snowplow_tracker.self_describing_json.SelfDescribingJson object at 0x10e0dc3b0>]}


============================== 15:00:55.400986 | f74e080b-f7c0-4faf-807e-e34a2f213371 ==============================
[0m15:00:55.400986 [info ] [MainThread]: Running with dbt=1.11.11
[0m15:00:55.401439 [debug] [MainThread]: running dbt with arguments {'use_colors': 'True', 'send_anonymous_usage_stats': 'True', 'cache_selected_only': 'False', 'profiles_dir': '/Users/christophethibault/.dbt', 'version_check': 'True', 'log_path': 'logs', 'use_experimental_parser': 'False', 'fail_fast': 'False', 'debug': 'False', 'invocation_command': 'dbt docs serve', 'no_print': 'None', 'empty': 'None', 'log_format': 'default', 'target_path': 'None', 'warn_error': 'None', 'log_cache_events': 'False', 'write_json': 'True', 'partial_parse': 'True', 'printer_width': '80', 'introspect': 'True', 'static_parser': 'True', 'warn_error_options': 'WarnErrorOptionsV2(error=[], warn=[], silence=[])', 'indirect_selection': 'eager', 'quiet': 'False'}
[0m15:00:55.401882 [error] [MainThread]: Encountered an error:
Runtime Error
  No dbt_project.yml found at expected path /Users/christophethibault/Projets/DBTNew/dbt_enhanced/dbt_project.yml
  Verify that each entry within packages.yml (and their transitive dependencies) contains a file named dbt_project.yml
  
[0m15:00:55.402322 [debug] [MainThread]: Resource report: {"command_name": "serve", "command_success": false, "command_wall_clock_time": 0.06428917, "process_in_blocks": "0", "process_kernel_time": 0.149365, "process_mem_max_rss": "110903296", "process_out_blocks": "0", "process_user_time": 1.006527}
[0m15:00:55.402701 [debug] [MainThread]: Command `dbt docs serve` failed at 15:00:55.402633 after 0.06 seconds
[0m15:00:55.402950 [debug] [MainThread]: Sending event: {'category': 'dbt', 'action': 'invocation', 'label': 'end', 'context': [<snowplow_tracker.self_describing_json.SelfDescribingJson object at 0x10d840140>, <snowplow_tracker.self_describing_json.SelfDescribingJson object at 0x10df5ba70>, <snowplow_tracker.self_describing_json.SelfDescribingJson object at 0x10e0dc710>]}
[0m15:00:55.403187 [debug] [MainThread]: Flushing usage events
[0m15:00:55.821177 [debug] [MainThread]: An error was encountered while trying to flush usage events
